    Nodes    |    Current Node    |     Objective Bounds      |     Work
 Expl Unexpl |  Obj  Depth IntInf | Incumbent    BestBd   Gap | It/Node Time

     0     0  153.17911    0  246 -774.01892  153.17911   120%     -    0s
H    0     0                       1.1943191  153.17911      -     -    0s
H    0     0                      17.3661395  153.17911   782%     -    0s
H    0     0                      44.1153080  153.17911   247%     -    0s
H    0     0                      68.6660814  148.65602   116%     -    0s
     0     0  148.65602    0  231   68.66608  148.65602   116%     -    0s
     0     0  148.45788    0  233   68.66608  148.45788   116%     -    0s
     0     0  148.45233    0  230   68.66608  148.45233   116%     -    0s
     0     0  148.45233    0  217   68.66608  148.45233   116%     -    0s
     0     0  147.74875    0  223   68.66608  147.74875   115%     -    1s
     0     0  147.73099    0  203   68.66608  147.73099   115%     -    1s
     0     0  147.72749    0  198   68.66608  147.72749   115%     -    1s
     0     0  147.56195    0  224   68.66608  147.56195   115%     -    1s
     0     0  147.43561    0  208   68.66608  147.43561   115%     -    1s
H    0     0                      68.7660814  147.41769   114%     -    1s
     0     0  147.41769    0  193   68.76608  147.41769   114%     -    1s
     0     0  147.41766    0  189   68.76608  147.41766   114%     -    1s
     0     0  147.41745    0  216   68.76608  147.41745   114%     -    1s
H    0     0                      72.0786919  147.41745   105%     -    1s
     0     0  147.41640    0  196   72.07869  147.41640   105%     -    1s
     0     0  147.41630    0  206   72.07869  147.41630   105%     -    1s
     0     0  147.39231    0  190   72.07869  147.39231   104%     -    1s
     0     0  147.39231    0  211   72.07869  147.39231   104%     -    1s
     0     0  147.39231    0  180   72.07869  147.39231   104%     -    1s
H    0     0                      72.5231363  147.39231   103%     -    4s
     0     2  147.39231    0  178   72.52314  147.39231   103%     -    4s
     7    14  146.66186    3  159   72.52314  146.66186   102%  1839    5s
H   71    80                      72.7231363  144.55546  98.8%  1088    8s
H   72    80                      76.6397390  144.55546  88.6%  1077    8s
H   73    80                      77.5658048  144.55546  86.4%  1110    8s
H   74    80                      79.8170117  144.55546  81.1%  1097    8s
H   78    80                      80.6011267  144.55546  79.3%  1077    8s
H   81    80                      82.3681016  144.55546  75.5%  1055    8s
   210   222  126.05480   17  158   82.36810  144.55546  75.5%   754   10s
  2108  2146  125.16286  106  130   82.36810  144.55546  75.5%   224   15s
H 2753  2128                      89.0347682  144.55546  62.4%   196   22s
H 2758  1983                      94.0390213  144.55546  53.7%   196   22s
  3142  2235  111.63402   46  180   94.03902  142.14181  51.2%   194   26s
H 3150  2127                      96.9935668  142.14181  46.5%   193   28s
H 3154  2024                      98.0162940  142.14181  45.0%   193   28s
H 3157  1924                      98.0163035  142.14181  45.0%   193   29s
  3159  1925   98.01630  164  201   98.01630  142.14181  45.0%   192   30s
H 3159  1828                      99.0162940  142.14181  43.6%   192   32s
  3167  1841  142.14181   12  233   99.01629  142.14181  43.6%   214   35s
H 3243  1778                      99.5390213  142.01849  42.7%   269   40s
H 3244  1690                     102.3622536  142.01849  38.7%   270   40s
H 3246  1607                     105.2160548  142.01849  35.0%   271   40s
  3369  1638  130.07804   19  244  105.21605  142.01849  35.0%   310   45s
  3709  1821  118.08089   25  221  105.21605  142.01849  35.0%   335   50s
H 4248  2059                     105.2160643  142.01849  35.0%   326   53s
  4379  2140  113.25619   31  245  105.21606  142.01849  35.0%   321   55s
  6411  3158  110.33106   37  196  105.21606  142.01849  35.0%   264   71s
H 6435  3087                     105.3213179  142.01849  34.8%   265   74s
H 6436  3009                     105.5019400  142.01849  34.6%   265   74s
H 6437  2374                     110.2038538  142.01849  28.9%   265   74s
  6455  2659     cutoff   38       110.20385  141.90740  28.8%   265   76s
  7796  3539  117.31796   19  184  110.20385  141.90740  28.8%   245   81s
  9393  4699  127.69190   15  170  110.20385  140.78252  27.7%   232   86s
 11021  5869  123.81225   54  133  110.20385  137.54209  24.8%   224   91s
 12673  7405     cutoff   17       110.20385  133.82547  21.4%   220   96s
 14063  8127  132.76592   29  213  110.20385  133.81075  21.4%   214  100s
 15154  9007  115.85792   56  134  110.20385  133.80320  21.4%   219  105s
 16432  9857  113.43920   33  170  110.20385  133.73195  21.3%   224  110s
 17390 10753  133.48241   23  199  110.20385  133.68727  21.3%   228  115s
 19297 11864  122.69016   36  202  110.20385  133.62894  21.3%   230  122s
 19717 12063  131.62434   28  201  110.20385  133.62894  21.3%   233  125s
H19721 11875                     110.3094853  133.62894  21.1%   233  125s
H19731 11799                     110.3844853  133.62894  21.1%   233  125s
 20731 12683  131.69547   26  161  110.38449  133.60710  21.0%   235  133s
 21295 12982  128.16956   48  148  110.38449  133.60644  21.0%   235  136s
 21874 13353  127.28503   30  156  110.38449  133.57821  21.0%   239  140s
 23545 14491  113.67888   36  204  110.38449  133.35431  20.8%   246  149s
 24446 15269  119.25757   32  206  110.38449  133.18913  20.7%   249  153s
 25536 16015  127.89633  176  109  110.38449  133.17055  20.6%   251  157s
 26687 16604     cutoff   39       110.38449  133.11729  20.6%   252  162s
 27622 17257  124.98316   32  193  110.38449  133.09000  20.6%   255  167s
 28736 17827  124.02072   31  182  110.38449  133.03600  20.5%   256  172s
 29678 18646  114.02388   45  169  110.38449  133.01582  20.5%   259  177s
 30873 19150     cutoff   46       110.38449  133.00926  20.5%   260  182s
 31893 19912     cutoff   35       110.38449  132.94533  20.4%   262  188s
 32981 20479  113.27154   82  117  110.38449  132.90598  20.4%   263  193s
 34016 21072     cutoff   26       110.38449  132.86781  20.4%   266  200s
 35086 22104  132.07485   31  173  110.38449  132.78651  20.3%   270  207s
 36773 23343  115.69571   42  149  110.38449  132.75105  20.3%   269  214s
 38605 24610  125.13427   36  176  110.38449  132.75105  20.3%   268  220s
 40495 26442  115.60886   47  145  110.38449  132.72162  20.2%   267  227s
 43245 28241  117.06033   32  162  110.38449  132.55047  20.1%   261  234s
 45803 29860  129.06417   38  204  110.38449  132.44731  20.0%   257  242s
 48032 31249  125.66152   42  195  110.38449  132.37068  19.9%   255  249s
 50013 33398  125.45151   43  175  110.38449  132.29056  19.8%   253  256s
 52704 33413  125.47125   64  139  110.38449  132.27249  19.8%   248  279s
H52705 20604                     112.8844853  132.27249  17.2%   248  279s
 52724 21068  125.47125   65  141  112.88449  132.27249  17.2%   248  290s
H52766 21010                     112.9072031  132.27249  17.2%   248  290s
 53407 22676  125.47113   66  137  112.90720  132.27249  17.2%   248  296s
 55683 23424  113.94611  185   47  112.90720  132.26557  17.1%   246  303s
 56966 23779  122.69982   46  199  112.90720  132.18418  17.1%   247  309s
 57719 24324     cutoff   51       112.90720  132.14905  17.0%   251  315s
 58819 24890     cutoff   31       112.90720  132.09881  17.0%   254  322s
 59883 25137  128.84240   29  201  112.90720  132.04856  17.0%   256  329s
 60580 25617     cutoff   36       112.90720  131.92499  16.8%   260  337s
 61602 26257  114.79281   36  196  112.90720  131.78988  16.7%   263  345s
 62876 26984  114.00953   43  171  112.90720  131.70495  16.6%   267  354s
 64238 27854  122.68353   40  210  112.90720  131.65307  16.6%   270  362s
 65688 28825 infeasible  123       112.90720  131.59307  16.5%   272  372s
 67428 29575  120.09360   37  189  112.90720  131.48349  16.5%   275  381s
 68933 29918  129.86609   61  125  112.90720  131.40642  16.4%   279  389s
 69891 31384  120.59460   41  161  112.90720  131.33897  16.3%   285  406s
 72714 33237  113.21450   54  155  112.90720  131.14549  16.2%   290  418s
 75321 35235  126.96246   38  177  112.90720  131.03783  16.1%   290  429s
 78629 36889  115.94965   37  179  112.90720  130.96684  16.0%   288  439s
 81289 38179  130.68632   39  182  112.90720  130.92684  16.0%   286  448s
 83303 39510  123.53298   83  140  112.90720  130.81359  15.9%   286  456s
 85477 40113  126.33731   32  177  112.90720  130.67057  15.7%   286  464s
 86723 40969  113.56506   77  101  112.90720  130.50587  15.6%   289  473s
 88188 41845     cutoff   55       112.90720  130.33341  15.4%   290  481s
 89785 43525  123.25318   28  161  112.90720  130.22247  15.3%   291  491s
 92442 48231  123.65966   27  204  112.90720  130.12997  15.3%   290  502s
 99353 49530  113.74137  142   63  112.90720  130.11442  15.2%   277  505s
 102765 51936  122.27718   50  131  112.90720  130.10316  15.2%   272  511s
 104914 53000  129.50434   67  133  112.90720  130.09824  15.2%   268  515s
 108575 54981  120.35916   59  177  112.90720  130.09006  15.2%   263  521s
 111578 57647  125.16477   65  135  112.90720  130.08143  15.2%   260  528s
 113910 58940  116.04341   70  100  112.90720  130.07770  15.2%   256  531s
 115943 62053     cutoff   29       112.90720  130.07127  15.2%   253  540s
 122756 64356  120.59825   54  160  112.90720  130.05530  15.2%   246  548s
 124812 65624     cutoff   68       112.90720  130.04548  15.2%   244  552s
 126900 66641  115.48088  113   53  112.90720  130.04017  15.2%   242  555s
 130483 68537  120.76638   66  129  112.90720  130.03193  15.2%   239  561s
 134409 70511  124.55203  180   65  112.90720  130.01947  15.2%   236  567s
 136105 71278     cutoff   30       112.90720  130.01401  15.2%   234  570s
 137762 72624     cutoff   61       112.90720  130.01022  15.1%   233  576s
 141411 74011  120.10101   66  121  112.90720  129.99694  15.1%   231  581s
 145981 75287  119.94334   81  123  112.90720  129.98405  15.1%   228  587s
 147505 76044     cutoff   85       112.90720  129.97620  15.1%   227  590s
 150987 77105  128.55718   95  122  112.90720  129.95923  15.1%   226  596s
 154501 78292  115.71513   73  112  112.90720  129.93889  15.1%   224  603s
 155991 79188  125.23874   96  121  112.90720  129.93040  15.1%   224  607s
 157964 79628  113.54750  110   69  112.90720  129.92445  15.1%   223  611s
 159527 80628  114.06197   77   73  112.90720  129.91326  15.1%   223  617s
 162460 81308  112.96736  201   57  112.90720  129.88916  15.0%   222  620s
 166400 82799  117.82250   72   78  112.90720  129.86192  15.0%   220  626s
 169402 83400  113.09501  119   78  112.90720  129.80611  15.0%   220  632s
 170546 84206  129.17473   20  241  112.90720  129.77718  14.9%   221  636s
 172436 85092  117.70854   36  160  112.90720  129.71723  14.9%   220  640s
 176143 86947  119.93138  104   72  112.90720  129.68307  14.9%   220  648s
 178140 87893  128.35908   30  206  112.90720  129.65453  14.8%   219  652s
 179825 88979     cutoff   53       112.90720  129.58732  14.8%   219  657s
 181991 89865 infeasible  108       112.90720  129.52294  14.7%   219  662s
 184165 91360 infeasible  246       112.90720  129.44055  14.6%   219  668s
 186839 92532  126.33845   35  121  112.90720  129.39772  14.6%   218  673s
 188848 93280  124.15856   64  106  112.90720  129.33334  14.5%   217  678s
 190466 93911  126.62352   72  108  112.90720  129.27569  14.5%   217  682s
 191948 94242  123.30169   26  172  112.90720  129.19730  14.4%   218  687s
 192965 95319  120.09172   26  172  112.90720  129.12194  14.4%   219  692s
 195090 96463  128.64041   31  152  112.90720  129.06442  14.3%   218  697s
 197174 97223  126.66782   29  151  112.90720  128.91137  14.2%   218  702s
 198621 98151  128.71221   56  150  112.90720  128.87949  14.1%   219  708s
 200392 98677     cutoff   55       112.90720  128.86179  14.1%   219  713s
 201511 99243  122.31239   53  102  112.90720  128.85486  14.1%   219  718s
H203061 99251                     112.9072126  128.77509  14.1%   219  762s
 203089 100283  119.33583   50  146  112.90721  128.76903  14.0%   219  768s
 205008 103048  128.37140   70  111  112.90721  128.68360  14.0%   219  778s
 209046 105600     cutoff   32       112.90721  128.62677  13.9%   218  782s
 212320 108456  124.79771   75   94  112.90721  128.60839  13.9%   215  786s
 216139 110942  113.05765  173   52  112.90721  128.60838  13.9%   212  790s
 222360 115473  114.66435  132   66  112.90721  128.60831  13.9%   208  798s
 225606 117574  124.97680   91   85  112.90721  128.60831  13.9%   206  801s
 228744 124855  128.60720   60  101  112.90721  128.60821  13.9%   204  813s
 238930 127192  113.49363  124   32  112.90721  128.60819  13.9%   199  817s
 242026 129242  116.82108  120   70  112.90721  128.60819  13.9%   197  820s
 247470 132670  120.69304  153   92  112.90721  128.60814  13.9%   194  827s
 250036 134848  124.96573  100   94  112.90721  128.60812  13.9%   193  831s
 252979 141602  121.57567   74   89  112.90721  128.60810  13.9%   191  843s
 261993 143911  114.38733  242   51  112.90721  128.60809  13.9%   187  847s
 265060 146315  122.20145  135   66  112.90721  128.60809  13.9%   185  851s
 268179 147805  121.08511  241   58  112.90721  128.60809  13.9%   184  855s
 272942 152136  122.71058  102   73  112.90721  128.60809  13.9%   182  862s
 275825 158220  116.34483  139   75  112.90721  128.60809  13.9%   181  873s
 284214 160785  125.12435   93   71  112.90721  128.60809  13.9%   178  877s
 287691 162889  119.70153  186   53  112.90721  128.60809  13.9%   176  880s
 293094 166732  114.14125   96   48  112.90721  128.60809  13.9%   174  887s
 295644 168548  114.44880  187   71  112.90721  128.60807  13.9%   173  891s
 298379 174432 infeasible   98       112.90721  128.60807  13.9%   172  901s
 306822 176827  116.42414  127   57  112.90721  128.60807  13.9%   169  905s
 312339 180224  113.59066   92  107  112.90721  128.60806  13.9%   168  911s
 314721 182287  115.12529   68   79  112.90721  128.60806  13.9%   167  915s
 319916 186113  116.13148   91   87  112.90721  128.60806  13.9%   165  922s
 322715 191808     cutoff  151       112.90721  128.60806  13.9%   164  933s
 330251 193890  125.46877  131   72  112.90721  128.60804  13.9%   162  937s
 333165 195547 infeasible  167       112.90721  128.60803  13.9%   161  940s
 338609 199372  120.27758  123   79  112.90721  128.60802  13.9%   160  948s
 341379 201376  113.92089   99   76  112.90721  128.60802  13.9%   159  951s
 344344 203513 infeasible  187       112.90721  128.60802  13.9%   159  955s
 347275 211190  127.14810   79   88  112.90721  128.60802  13.9%   158  964s
 356966 212716  115.69943  173   60  112.90721  128.60802  13.9%   155  967s
 361774 216383  114.10428   82  111  112.90721  128.60801  13.9%   154  972s
 363920 218388     cutoff   76       112.90721  128.60801  13.9%   153  975s
 368560 221432  113.35324  135   87  112.90721  128.60801  13.9%   152  981s
 370715 226844  124.09007   62  104  112.90721  128.60801  13.9%   152  989s
 378015 229110  126.27283  116   80  112.90721  128.60801  13.9%   150  992s
 381162 230958  123.77208  114   83  112.90721  128.60800  13.9%   149  997s
 383734 232498  128.19689   75  103  112.90721  128.60800  13.9%   149 1001s
 388811 235891  123.02192   74  110  112.90721  128.60800  13.9%   148 1008s
 391000 238067  116.35294  101   74  112.90721  128.60800  13.9%   147 1011s
 393868 244019  128.58569   73  109  112.90721  128.60799  13.9%   147 1020s
 404260 247936     cutoff   65       112.90721  128.60795  13.9%   144 1026s
 408639 250960 infeasible  181       112.90721  128.60795  13.9%   144 1033s
 410893 253287  114.69638   83   73  112.90721  128.60791  13.9%   143 1038s
 413900 255473  113.01728  177   58  112.90721  128.60791  13.9%   143 1042s
 416792 260355     cutoff  286       112.90721  128.60791  13.9%   142 1050s
 426435 263957  115.03435   87   95  112.90721  128.60791  13.9%   141 1057s
 428816 266128     cutoff  167       112.90721  128.60791  13.9%   140 1061s
 434429 270010  113.45653  110   81  112.90721  128.60791  13.9%   139 1067s
 439356 276923  126.78527   85   95  112.90721  128.60789  13.9%   139 1079s
 446723 278864  113.31085   92   88  112.90721  128.60787  13.9%   137 1083s
 449269 280588  115.60738  133   90  112.90721  128.60787  13.9%   137 1086s
 454357 284427  116.05249   68  111  112.90721  128.60777  13.9%   136 1092s
 456761 285954  113.71936  133   96  112.90721  128.60777  13.9%   136 1096s
 458897 287970  128.36852   83  107  112.90721  128.60777  13.9%   136 1100s
 461507 292061  113.84483  189   55  112.90721  128.60777  13.9%   135 1110s
 470722 296774 infeasible  157       112.90721  128.60772  13.9%   134 1118s
 473728 298900  118.37493   80   67  112.90721  128.60770  13.9%   133 1122s
 476703 301061  113.35593   79   92  112.90721  128.60770  13.9%   133 1126s
 482141 305303  120.64928   88   93  112.90721  128.60770  13.9%   132 1133s
 485082 309518  118.43213  134   79  112.90721  128.60770  13.9%   132 1142s
 491054 311818  114.47014  100   80  112.90721  128.60770  13.9%   131 1145s
 496887 315740  114.21998  151   57  112.90721  128.60769  13.9%   130 1152s
 499634 318031  128.50597   65  110  112.90721  128.60763  13.9%   130 1156s
 505333 321727  117.56658   82   99  112.90721  128.60760  13.9%   129 1162s
 507645 327087 infeasible  210       112.90721  128.60760  13.9%   129 1171s
 516613 330522  114.34547  128   78  112.90721  128.60760  13.9%   128 1177s
 519099 332455  118.37588   66   66  112.90721  128.60760  13.9%   128 1182s
 521655 334295  125.50645   81  122  112.90721  128.60760  13.9%   127 1185s
 526889 338701  128.17630   87   99  112.90721  128.60755  13.9%   127 1192s
 530068 342768  127.63447   75  108  112.90721  128.60754  13.9%   126 1201s
 538258 346307  113.28301   83   77  112.90721  128.60744  13.9%   126 1208s
 541151 348390  114.85146  138   67  112.90721  128.60744  13.9%   125 1212s
 544177 349810 infeasible  170       112.90721  128.60744  13.9%   125 1216s
 546524 351681  126.79822   94   84  112.90721  128.60744  13.9%   125 1220s
 552026 357728  118.16522   88   89  112.90721  128.60743  13.9%   124 1232s
 557670 359977 infeasible  106       112.90721  128.60739  13.9%   124 1235s
 560775 361700  122.06269   71  144  112.90721  128.60739  13.9%   123 1240s
 565614 365141  116.46460   82   95  112.90721  128.60736  13.9%   123 1247s
 568223 366435  125.59895   78   70  112.90721  128.60736  13.9%   123 1250s
 572549 370573  113.14792  104   92  112.90721  128.60734  13.9%   122 1258s
 575901 374526  125.07233  109   74  112.90721  128.60734  13.9%   122 1264s
 581240 374526  119.20643  145   80  112.90721  128.60734  13.9%   122 1265s
 584036 378284  114.76063  105   93  112.90721  128.60734  13.9%   121 1272s
 586843 380141  117.30502  136   81  112.90721  128.60734  13.9%   121 1275s
 592551 384010  115.27430  184   38  112.90721  128.60734  13.9%   120 1283s
 595064 385878  122.04864  147   74  112.90721  128.60734  13.9%   120 1287s
 597732 389055     cutoff  107       112.90721  128.60734  13.9%   120 1294s
 602775 390605  125.82724   71   98  112.90721  128.60734  13.9%   120 1298s
 605279 392710  116.48045   78   76  112.90721  128.60734  13.9%   120 1303s
 608278 394865     cutoff   88       112.90721  128.60734  13.9%   119 1306s
 611232 396812  113.64692  107   95  112.90721  128.60734  13.9%   119 1310s
 616975 401004  122.71262   98   76  112.90721  128.60734  13.9%   119 1318s
 619880 401998  114.56526  116   57  112.90721  128.60734  13.9%   118 1334s
H620101 367948                     113.1703705  128.60734  13.6%   118 1334s
 621391 379079  113.95746   96   91  113.17037  128.60734  13.6%   118 1358s
 637398 381671  125.28669   68   99  113.17037  128.60732  13.6%   117 1363s
 640855 384194  120.39589  152   71  113.17037  128.60732  13.6%   117 1367s
 644433 388126  123.81967   87   91  113.17037  128.60732  13.6%   116 1374s
 649916 389819  117.09231  122   80  113.17037  128.60732  13.6%   116 1378s
 652366 391419  114.01064   84   91  113.17037  128.60732  13.6%   116 1381s
 654800 393209  114.20049  121   83  113.17037  128.60732  13.6%   116 1385s
 659916 396616  116.65349   71   71  113.17037  128.60732  13.6%   115 1391s
 662518 398860  121.67819  149   78  113.17037  128.60732  13.6%   115 1395s
 668674 404821  117.90554  135   68  113.17037  128.60731  13.6%   115 1404s
 674312 406429  126.35227   95   85  113.17037  128.60731  13.6%   114 1407s
 676694 408203  127.41754   81   97  113.17037  128.60731  13.6%   114 1411s
 679458 410499  119.48504  135   73  113.17037  128.60731  13.6%   114 1415s
 685609 414367  113.96887   84   90  113.17037  128.60731  13.6%   113 1422s
 688059 416452  122.80900  119   79  113.17037  128.60731  13.6%   113 1426s
 690819 420417     cutoff   78       113.17037  128.60731  13.6%   113 1432s
 696304 422397  116.19560   79   90  113.17037  128.60729  13.6%   113 1435s
 701755 425876  113.62794   97   97  113.17037  128.60729  13.6%   112 1441s
 706724 430119  114.48456  167   65  113.17037  128.60728  13.6%   112 1447s
 712346 433710  114.20146  156   68  113.17037  128.60727  13.6%   111 1453s
 714702 436858  116.49298   65  113  113.17037  128.60727  13.6%   111 1460s
 722622 441461  117.05603   74  101  113.17037  128.60727  13.6%   111 1467s
 725713 443453  115.06280  192   53  113.17037  128.60727  13.6%   111 1471s
 728554 445303     cutoff  101       113.17037  128.60727  13.6%   110 1475s
 733799 448763  115.12978  106   80  113.17037  128.60726  13.6%   110 1481s
 736359 452229  113.60668  104   76  113.17037  128.60726  13.6%   110 1487s
 741246 454261  120.90297  131   67  113.17037  128.60726  13.6%   110 1492s
 744217 456094 infeasible  160       113.17037  128.60726  13.6%   110 1496s
 746936 457830  116.54558  144   80  113.17037  128.60726  13.6%   109 1500s
 751797 461421  113.38939  161   55  113.17037  128.60726  13.6%   109 1507s
 754801 463262  113.60499   90   90  113.17037  128.60726  13.6%   109 1511s
 760158 468509  116.25244  110   84  113.17037  128.60726  13.6%   109 1520s
 767776 472745 infeasible  148       113.17037  128.60723  13.6%   108 1527s
 770813 474688  119.51435   72  111  113.17037  128.60723  13.6%   108 1531s
 773750 476526  114.17618  161   52  113.17037  128.60723  13.6%   108 1535s
 779030 480409  113.28172  117   62  113.17037  128.60720  13.6%   108 1542s
 781727 482232  116.50163  122   78  113.17037  128.60720  13.6%   107 1545s
 784346 485345  114.51669   73   69  113.17037  128.60720  13.6%   107 1551s
 791317 489055  128.53079   81  112  113.17037  128.60720  13.6%   107 1558s
 794162 491493 infeasible  195       113.17037  128.60720  13.6%   107 1562s
 797635 493731  118.35383   86  102  113.17037  128.60720  13.6%   107 1565s
 803559 497500  118.01967   88   86  113.17037  128.60716  13.6%   106 1572s
 805950 499562  113.41130  100  115  113.17037  128.60716  13.6%   106 1576s
 808874 503147  113.90997  113  104  113.17037  128.60715  13.6%   106 1581s
 813676 505176  121.34999   82   99  113.17037  128.60714  13.6%   106 1585s
 819249 508612     cutoff   79       113.17037  128.60714  13.6%   106 1591s
 824195 512110  115.00672  104   74  113.17037  128.60714  13.6%   106 1597s
 826843 514358  115.80076  117   86  113.17037  128.60714  13.6%   105 1600s
 832670 521194  121.98598  189   62  113.17037  128.60714  13.6%   105 1611s
 840966 524717  113.49032  191   59  113.17037  128.60714  13.6%   105 1616s
 845383 528233  128.60705   68  105  113.17037  128.60706  13.6%   104 1622s
 848185 530289  126.96499   82   81  113.17037  128.60705  13.6%   104 1625s
 853637 533884  128.49356   78   97  113.17037  128.60703  13.6%   104 1632s
 856175 537715  117.16380   86   92  113.17037  128.60703  13.6%   104 1637s
 861371 539009  124.96520   82  104  113.17037  128.60697  13.6%   104 1640s
 865901 542700  116.32273  116   94  113.17037  128.60693  13.6%   104 1646s
 868903 544379  114.77767   89   89  113.17037  128.60693  13.6%   103 1653s
 871474 546216  113.49783  113   77  113.17037  128.60693  13.6%   103 1657s
 874177 548165  125.82688   82   99  113.17037  128.60693  13.6%   103 1660s
 879757 553516  113.71288  125   45  113.17037  128.60690  13.6%   103 1670s
 887572 557438  115.34323  166   77  113.17037  128.60688  13.6%   103 1676s
 892290 559956 infeasible  168       113.17037  128.60684  13.6%   102 1682s
 894153 562293  126.29459  113   93  113.17037  128.60683  13.6%   102 1686s
 897457 564584  114.50745  213   58  113.17037  128.60683  13.6%   102 1690s
 903134 569500  122.90376  122   86  113.17037  128.60680  13.6%   102 1698s
 907692 571306  113.32870   76   66  113.17037  128.60680  13.6%   102 1702s
 910222 573803  121.07899  161   63  113.17037  128.60680  13.6%   102 1706s
 916451 578065     cutoff   73       113.17037  128.60678  13.6%   102 1713s
 919387 580032  118.08894   94   97  113.17037  128.60678  13.6%   101 1717s
 922166 581649  113.72264   74  100  113.17037  128.60678  13.6%   101 1720s
 927113 588038  127.40799  103   83  113.17037  128.60676  13.6%   101 1730s
 935156 591525     cutoff  119       113.17037  128.60672  13.6%   101 1735s
 940306 595011  118.27247   88   85  113.17037  128.60671  13.6%   101 1742s
 942628 596904  114.80552   86   95  113.17037  128.60669  13.6%   100 1745s
 947647 600998  123.49933  117   87  113.17037  128.60666  13.6%   100 1750s
 950762 604373  115.77920   65   94  113.17037  128.60666  13.6%   100 1756s
 955418 606769  124.29761  102   82  113.17037  128.60665  13.6%   100 1760s
 961568 610711  113.59648  123   69  113.17037  128.60664  13.6%   100 1766s
 966556 613859  114.58258  207   72  113.17037  128.60662  13.6%  99.5 1772s
 968893 615680  124.48805  117   81  113.17037  128.60662  13.6%  99.4 1775s
 974226 621035 infeasible   83       113.17037  128.60661  13.6%  99.2 1784s
 978611 623155  118.80113   95   66  113.17037  128.60661  13.6%  99.1 1787s
 981546 625256  119.16400   80   91  113.17037  128.60660  13.6%  99.0 1791s
 987300 629300  113.57365  237   41  113.17037  128.60659  13.6%  98.8 1797s
 990128 631180  118.51579   75   98  113.17037  128.60659  13.6%  98.7 1800s
 995493 635019     cutoff  152       113.17037  128.60657  13.6%  98.5 1807s
 997869 637655 infeasible  113       113.17037  128.60653  13.6%  98.4 1813s
 1001770 639882     cutoff  132       113.17037  128.60651  13.6%  98.3 1817s
 1004935 642249  116.00028   99   85  113.17037  128.60651  13.6%  98.2 1820s
 1010824 646154  115.59946  131   90  113.17037  128.60641  13.6%  98.0 1826s
 1016162 649807  128.57603   65  120  113.17037  128.60638  13.6%  97.9 1832s
 1018921 651914     cutoff   74       113.17037  128.60635  13.6%  97.8 1836s
 1021938 654877     cutoff  121       113.17037  128.60634  13.6%  97.7 1841s
 1029165 659235  113.25329  124   78  113.17037  128.60628  13.6%  97.5 1848s
 1032119 661076  128.20655   62  111  113.17037  128.60628  13.6%  97.4 1851s
 1037547 664470 infeasible   73       113.17037  128.60628  13.6%  97.2 1857s
 1039631 666057  119.54060   93   78  113.17037  128.60628  13.6%  97.2 1861s
 1041887 667793 infeasible  122       113.17037  128.60623  13.6%  97.2 1865s
 1044574 671104  116.20649  146   77  113.17037  128.60622  13.6%  97.2 1870s
 1051559 674797  118.62538  182   60  113.17037  128.60618  13.6%  97.0 1876s
 1056993 678096  115.08630  108   65  113.17037  128.60618  13.6%  96.8 1882s
 1059398 680217  120.66158   87   91  113.17037  128.60618  13.6%  96.8 1885s
 1065178 684026  115.42229  219   56  113.17037  128.60611  13.6%  96.6 1892s
 1067532 686897  114.12599  114   40  113.17037  128.60609  13.6%  96.5 1897s
 1071557 688706  117.50976   93   66  113.17037  128.60603  13.6%  96.5 1900s
 1077431 692451  126.33556  116  103  113.17037  128.60603  13.6%  96.3 1906s
 1082985 696355  122.05339   74  121  113.17037  128.60597  13.6%  96.2 1913s
 1085710 698060  113.56846  173   49  113.17037  128.60595  13.6%  96.1 1916s
 1090952 703398  122.07474  168   72  113.17037  128.60586  13.6%  96.0 1923s
 1095430 705335  118.78449  109   59  113.17037  128.60579  13.6%  95.8 1927s
 1098042 707339  113.29051  105   87  113.17037  128.60576  13.6%  95.8 1930s
 1103292 710949  124.36488  117   60  113.17037  128.60570  13.6%  95.7 1936s
 1108824 714908  117.23100  114   66  113.17037  128.60563  13.6%  95.5 1943s
 1111540 717021 infeasible  139       113.17037  128.60563  13.6%  95.4 2117s
 1119799 722205     cutoff  237       113.17037  128.60557  13.6%  95.1 2120s
 1124070 725521     cutoff   87       113.17037  128.60555  13.6%  95.0 2130s
 1128990 729271  113.26307  106   71  113.17037  128.60553  13.6%  94.9 2135s
 1134627 733194  115.03527  150   59  113.17037  128.60550  13.6%  94.8 2140s
 1139276 736711  114.97595  132   73  113.17037  128.60549  13.6%  94.7 2145s
 1143989 739790  116.15458  102   70  113.17037  128.60545  13.6%  94.6 2151s
 1149429 742704     cutoff   68       113.17037  128.60541  13.6%  94.4 2157s
 1151652 744345  115.62563  123   63  113.17037  128.60541  13.6%  94.4 2160s
 1157176 748320  125.82703   81  105  113.17037  128.60537  13.6%  94.3 2167s
 1159512 750611     cutoff  129       113.17037  128.60531  13.6%  94.2 2172s
 1162873 752989  119.14163   80   48  113.17037  128.60530  13.6%  94.2 2176s
 1169486 756910  115.54201  113   93  113.17037  128.60520  13.6%  94.1 2183s
 1171914 758805  114.77279  129   46  113.17037  128.60518  13.6%  94.1 2186s
 1177303 762658  119.06261  175   69  113.17037  128.60507  13.6%  94.0 2191s
 1182638 767907  114.99893  153   76  113.17037  128.60498  13.6%  93.9 2196s
 1189611 771103  118.50921  139   73  113.17037  128.60483  13.6%  93.7 2200s
 1196917 776344  128.48438   69  111  113.17037  128.60470  13.6%  93.6 2207s
 1199522 778219  127.13571   81   89  113.17037  128.60464  13.6%  93.6 2210s
 1204589 782959  125.98100   99  104  113.17037  128.60457  13.6%  93.5 2219s
 1206964 782959  118.50719  111   80  113.17037  128.60456  13.6%  93.4 2220s
 1208813 785086  113.95440   82   93  113.17037  128.60456  13.6%  93.4 2225s
 1211713 787368 infeasible  113       113.17037  128.60454  13.6%  93.3 2230s
 1217345 791652  113.66666  183   40  113.17037  128.60452  13.6%  93.2 2238s
 1220490 793247  127.11964   85   74  113.17037  128.60445  13.6%  93.1 2242s
 1222805 794855     cutoff   90       113.17037  128.60445  13.6%  93.0 2246s
 1225107 796803 infeasible  154       113.17037  128.60445  13.6%  93.0 2250s
 1227796 800562  113.35073  102   57  113.17037  128.60445  13.6%  92.9 2256s
 1232959 802584  118.00147  115   89  113.17037  128.60445  13.6%  92.8 2260s
 1238360 806148 infeasible  128       113.17037  128.60445  13.6%  92.6 2267s
 1240620 808414  113.81369   90   82  113.17037  128.60444  13.6%  92.5 2270s
 1246519 812222  114.23813   86   87  113.17037  128.60443  13.6%  92.3 2278s
 1249226 813735  117.16820  110   55  113.17037  128.60442  13.6%  92.2 2282s
 1251455 816869  114.17324  107   53  113.17037  128.60442  13.6%  92.1 2289s
 1255930 819398  125.38698   84   93  113.17037  128.60441  13.6%  92.0 2294s
 1259287 821232  118.57695  213   50  113.17037  128.60438  13.6%  91.9 2298s
 1261933 823017  126.01195   74   93  113.17037  128.60436  13.6%  91.8 2302s
 1264549 824823  113.22727  134   40  113.17037  128.60436  13.6%  91.7 2306s
 1267031 826852  125.40634   73   86  113.17037  128.60436  13.6%  91.7 2310s
 1272356 830386  119.15347   80   76  113.17037  128.60436  13.6%  91.5 2318s
 1274780 834356  113.49663  112   52  113.17037  128.60436  13.6%  91.5 2325s
 1280068 835675  118.60773   67  108  113.17037  128.60436  13.6%  91.3 2330s
 1282012 837421  118.60327   83  115  113.17037  128.60436  13.6%  91.3 2335s
 1287426 841047  113.20755  140   69  113.17037  128.60436  13.6%  91.1 2344s
 1289967 842623  113.70909  143   46  113.17037  128.60436  13.6%  91.1 2348s
 1292224 844369  128.18421   90   89  113.17037  128.60436  13.6%  91.0 2352s
 1294627 846117     cutoff  138       113.17037  128.60436  13.6%  91.0 2355s
 1297385 848881 infeasible  147       113.17037  128.60436  13.6%  90.9 2363s
 1301372 851069  114.42973  152   61  113.17037  128.60433  13.6%  90.9 2367s
 1304567 852587  128.11738   88   88  113.17037  128.60430  13.6%  90.8 2372s
 1306874 854152  114.34868  144   61  113.17037  128.60428  13.6%  90.8 2377s
 1309400 856169  126.37482   82   78  113.17037  128.60426  13.6%  90.7 2382s
 1312215 858303  116.00125   99   88  113.17037  128.60418  13.6%  90.7 2387s
 1315143 860672  116.16223  166   44  113.17037  128.60413  13.6%  90.6 2392s
 1318162 862722     cutoff   80       113.17037  128.60410  13.6%  90.5 2397s
 1320975 865443  127.98024  117   88  113.17037  128.60406  13.6%  90.5 2405s
 1328047 869877  118.20527  123   59  113.17037  128.60399  13.6%  90.3 2413s
 1331003 871723  123.27448  114   73  113.17037  128.60399  13.6%  90.3 2416s
 1333595 873655  126.16334   83  121  113.17037  128.60399  13.6%  90.2 2420s
 1338528 877236     cutoff  205       113.17037  128.60399  13.6%  90.2 2427s
 1341220 879003  119.13578  109   59  113.17037  128.60399  13.6%  90.1 2430s
 1343863 881332  119.81251   98   98  113.17037  128.60385  13.6%  90.1 2435s
 1350111 885278  128.00828   83  110  113.17037  128.60378  13.6%  90.0 2443s
 1353429 886921  122.47676   80  104  113.17037  128.60377  13.6%  90.0 2447s
 1355832 889362  113.45190  168   81  113.17037  128.60372  13.6%  89.9 2451s
 1359128 891927  115.83766  116   79  113.17037  128.60372  13.6%  89.9 2455s
 1365225 895507  128.32897   86  102  113.17037  128.60372  13.6%  89.7 2462s
 1368063 898561  113.32897  189   52  113.17037  128.60369  13.6%  89.7 2467s
 1372361 900509  115.50647  162   77  113.17037  128.60369  13.6%  89.6 2470s
 1377427 904302  115.88378  126   87  113.17037  128.60368  13.6%  89.5 2476s
 1379953 906213  116.60476   90  106  113.17037  128.60368  13.6%  89.5 2480s
 1385821 910556  128.48562   88  115  113.17037  128.60364  13.6%  89.4 2486s
 1389921 912598  113.45250   90   66  113.17037  128.60363  13.6%  89.3 2490s
 1396820 918071  116.57511   97   96  113.17037  128.60360  13.6%  89.1 2498s
 1398810 919899  125.48368   96   72  113.17037  128.60360  13.6%  89.0 2501s
 1401406 921649  123.64597  158   66  113.17037  128.60360  13.6%  89.0 2505s
 1406656 924961  122.11850  182   66  113.17037  128.60359  13.6%  88.9 2511s
 1408801 926681  115.75682  120   54  113.17037  128.60355  13.6%  88.9 2515s
 1414040 931300  118.58828   66  109  113.17037  128.60353  13.6%  88.8 2522s
 1417771 933202  116.60344   90   94  113.17037  128.60352  13.6%  88.7 2526s
 1420450 935637  121.01207   71   93  113.17037  128.60348  13.6%  88.7 2530s
 1426324 939682  123.89306   84  110  113.17037  128.60336  13.6%  88.6 2536s
 1429141 941575  119.16581   74  101  113.17037  128.60331  13.6%  88.5 2540s
 1434558 945435  126.30312   77  106  113.17037  128.60326  13.6%  88.5 2547s
 1437209 948337     cutoff   88       113.17037  128.60320  13.6%  88.4 2552s
 1441310 949883  115.87862  145   72  113.17037  128.60319  13.6%  88.3 2555s
 1445741 953265  119.08970  102   82  113.17037  128.60314  13.6%  88.3 2563s
 1448260 955152  119.11421   84  106  113.17037  128.60311  13.6%  88.3 2567s
 1450783 956695  119.81568   88  105  113.17037  128.60311  13.6%  88.3 2570s
 1455696 960105  119.81924   87  111  113.17037  128.60311  13.6%  88.3 2578s
 1458352 961977  114.10041  119   78  113.17037  128.60311  13.6%  88.3 2583s
 1460966 964922  113.78533  149   49  113.17037  128.60311  13.6%  88.3 2588s
 1465287 966145  117.31621   82   91  113.17037  128.60309  13.6%  88.3 2592s
 1467100 967589  114.81621   83  106  113.17037  128.60309  13.6%  88.3 2595s
 1471597 970538     cutoff  114       113.17037  128.60309  13.6%  88.3 2603s
 1473814 972227  114.80262   86   83  113.17037  128.60307  13.6%  88.3 2607s
 1476232 974226  116.08283   88   87  113.17037  128.60307  13.6%  88.3 2611s
 1481447 977700  114.06432  129   78  113.17037  128.60304  13.6%  88.3 2618s
 1483941 979835  118.89051   78  127  113.17037  128.60302  13.6%  88.3 2623s
 1487206 981551  127.45011   81  113  113.17037  128.60302  13.6%  88.3 2627s
 1489731 983261  119.79951  108   81  113.17037  128.60302  13.6%  88.3 2632s
 1492371 985259  118.60270   79  103  113.17037  128.60302  13.6%  88.3 2636s
 1495078 987276     cutoff   83       113.17037  128.60302  13.6%  88.3 2640s
 1498117 989330  117.17380  138   88  113.17037  128.60297  13.6%  88.3 2645s
 1500638 991938  120.63835  101   99  113.17037  128.60297  13.6%  88.3 2650s
 1503932 993894  119.01133   88   91  113.17037  128.60296  13.6%  88.3 2655s
 1506689 996382 infeasible  193       113.17037  128.60293  13.6%  88.3 2661s
 1510319 997618  115.82074  144   84  113.17037  128.60293  13.6%  88.2 2666s
 1512520 999487  114.49711   91   86  113.17037  128.60292  13.6%  88.2 2671s